0 info it worked if it ends with ok
1 verbose cli [ '/Users/apple/.nvm/versions/node/v5.0.0/bin/node',
1 verbose cli   '/Users/apple/.nvm/versions/node/v5.0.0/bin/npm',
1 verbose cli   'run',
1 verbose cli   'start' ]
2 info using npm@3.3.6
3 info using node@v5.0.0
4 verbose run-script [ 'prestart', 'start', 'poststart' ]
5 info lifecycle api@0.0.0~prestart: api@0.0.0
6 silly lifecycle api@0.0.0~prestart: no script for prestart, continuing
7 info lifecycle api@0.0.0~start: api@0.0.0
8 verbose lifecycle api@0.0.0~start: unsafe-perm in lifecycle true
9 verbose lifecycle api@0.0.0~start: PATH: /Users/apple/.nvm/versions/node/v5.0.0/lib/node_modules/npm/bin/node-gyp-bin:/Users/apple/Desktop/2016102930-tbn-hackathon-team10/api/node_modules/.bin:/Users/apple/.nvm/versions/node/v5.0.0/bin:/Users/apple/.sdkman/candidates/groovy/current/bin:/Applications/MAMP/bin/php/php5.5.17/bin:/usr/local/bin:/usr/bin:/bin:/usr/sbin:/sbin:/usr/local/git/bin:/Users/apple/.composer/vendor/bin
10 verbose lifecycle api@0.0.0~start: CWD: /Users/apple/Desktop/2016102930-tbn-hackathon-team10/api
11 silly lifecycle api@0.0.0~start: Args: [ '-c', 'node ./bin/www' ]
12 silly lifecycle api@0.0.0~start: Returned: code: 1  signal: null
13 info lifecycle api@0.0.0~start: Failed to exec start script
14 verbose stack Error: api@0.0.0 start: `node ./bin/www`
14 verbose stack Exit status 1
14 verbose stack     at EventEmitter.<anonymous> (/Users/apple/.nvm/versions/node/v5.0.0/lib/node_modules/npm/lib/utils/lifecycle.js:233:16)
14 verbose stack     at emitTwo (events.js:87:13)
14 verbose stack     at EventEmitter.emit (events.js:172:7)
14 verbose stack     at ChildProcess.<anonymous> (/Users/apple/.nvm/versions/node/v5.0.0/lib/node_modules/npm/lib/utils/spawn.js:24:14)
14 verbose stack     at emitTwo (events.js:87:13)
14 verbose stack     at ChildProcess.emit (events.js:172:7)
14 verbose stack     at maybeClose (internal/child_process.js:818:16)
14 verbose stack     at Process.ChildProcess._handle.onexit (internal/child_process.js:211:5)
15 verbose pkgid api@0.0.0
16 verbose cwd /Users/apple/Desktop/2016102930-tbn-hackathon-team10/api
17 error Darwin 16.1.0
18 error argv "/Users/apple/.nvm/versions/node/v5.0.0/bin/node" "/Users/apple/.nvm/versions/node/v5.0.0/bin/npm" "run" "start"
19 error node v5.0.0
20 error npm  v3.3.6
21 error code ELIFECYCLE
22 error api@0.0.0 start: `node ./bin/www`
22 error Exit status 1
23 error Failed at the api@0.0.0 start script 'node ./bin/www'.
23 error This is most likely a problem with the api package,
23 error not with npm itself.
23 error Tell the author that this fails on your system:
23 error     node ./bin/www
23 error You can get their info via:
23 error     npm owner ls api
23 error There is likely additional logging output above.
24 verbose exit [ 1, true ]
